2025-08-31 22:05:03 [restartedMain] INFO  c.t.v.VirtualPetApiApplication - Starting VirtualPetApiApplication using Java 24.0.1 with PID 15004 (C:\Users\romy9\Desktop\GitHub Repos\ItAcademyRepos\5.2-Virtual-Pet\target\classes started by romy9 in C:\Users\romy9\Desktop\GitHub Repos\ItAcademyRepos\5.2-Virtual-Pet)
2025-08-31 22:05:03 [restartedMain] INFO  c.t.v.VirtualPetApiApplication - The following 1 profile is active: "prod"
2025-08-31 22:05:03 [restartedMain] INFO  o.s.b.d.e.DevToolsPropertyDefaultsPostProcessor - Devtools property defaults active! Set 'spring.devtools.add-properties' to 'false' to disable
2025-08-31 22:05:03 [restartedMain] INFO  o.s.b.d.e.DevToolsPropertyDefaultsPostProcessor - For additional web related logging consider setting the 'logging.level.web' property to 'DEBUG'
2025-08-31 22:05:04 [restartedMain] INFO  o.s.d.r.c.RepositoryConfigurationDelegate - Bootstrapping Spring Data JPA repositories in DEFAULT mode.
2025-08-31 22:05:04 [restartedMain] INFO  o.s.d.r.c.RepositoryConfigurationDelegate - Finished Spring Data repository scanning in 93 ms. Found 3 JPA repository interfaces.
2025-08-31 22:05:05 [restartedMain] INFO  o.s.b.w.e.tomcat.TomcatWebServer - Tomcat initialized with port 8080 (http)
2025-08-31 22:05:05 [restartedMain] INFO  o.a.catalina.core.StandardService - Starting service [Tomcat]
2025-08-31 22:05:05 [restartedMain] INFO  o.a.catalina.core.StandardEngine - Starting Servlet engine: [Apache Tomcat/10.1.42]
2025-08-31 22:05:05 [restartedMain] INFO  o.a.c.c.C.[Tomcat].[localhost].[/] - Initializing Spring embedded WebApplicationContext
2025-08-31 22:05:05 [restartedMain] INFO  o.s.b.w.s.c.ServletWebServerApplicationContext - Root WebApplicationContext: initialization completed in 2590 ms
2025-08-31 22:05:06 [restartedMain] INFO  o.h.jpa.internal.util.LogHelper - HHH000204: Processing PersistenceUnitInfo [name: default]
2025-08-31 22:05:06 [restartedMain] INFO  org.hibernate.Version - HHH000412: Hibernate ORM core version 6.6.18.Final
2025-08-31 22:05:06 [restartedMain] INFO  o.h.c.i.RegionFactoryInitiator - HHH000026: Second-level cache disabled
2025-08-31 22:05:06 [restartedMain] INFO  o.s.o.j.p.SpringPersistenceUnitInfo - No LoadTimeWeaver setup: ignoring JPA class transformer
2025-08-31 22:05:06 [restartedMain] INFO  com.zaxxer.hikari.HikariDataSource - HikariPool-1 - Starting...
2025-08-31 22:05:07 [restartedMain] INFO  com.zaxxer.hikari.pool.HikariPool - HikariPool-1 - Added connection com.mysql.cj.jdbc.ConnectionImpl@71c8f854
2025-08-31 22:05:07 [restartedMain] INFO  com.zaxxer.hikari.HikariDataSource - HikariPool-1 - Start completed.
2025-08-31 22:05:07 [restartedMain] WARN  org.hibernate.orm.deprecation - HHH90000025: MySQLDialect does not need to be specified explicitly using 'hibernate.dialect' (remove the property setting and it will be selected by default)
2025-08-31 22:05:07 [restartedMain] INFO  o.hibernate.orm.connections.pooling - HHH10001005: Database info:
	Database JDBC URL [Connecting through datasource 'HikariDataSource (HikariPool-1)']
	Database driver: undefined/unknown
	Database version: 8.0.41
	Autocommit mode: undefined/unknown
	Isolation level: undefined/unknown
	Minimum pool size: undefined/unknown
	Maximum pool size: undefined/unknown
2025-08-31 22:05:08 [restartedMain] INFO  o.h.e.t.j.p.i.JtaPlatformInitiator - HHH000489: No JTA platform available (set 'hibernate.transaction.jta.platform' to enable JTA platform integration)
2025-08-31 22:05:08 [restartedMain] INFO  o.s.o.j.LocalContainerEntityManagerFactoryBean - Initialized JPA EntityManagerFactory for persistence unit 'default'
2025-08-31 22:05:09 [restartedMain] INFO  o.s.d.j.r.query.QueryEnhancerFactory - Hibernate is in classpath; If applicable, HQL parser will be used.
2025-08-31 22:05:10 [restartedMain] WARN  o.s.s.c.a.a.c.InitializeUserDetailsBeanManagerConfigurer$InitializeUserDetailsManagerConfigurer - Global AuthenticationManager configured with an AuthenticationProvider bean. UserDetailsService beans will not be used by Spring Security for automatically configuring username/password login. Consider removing the AuthenticationProvider bean. Alternatively, consider using the UserDetailsService in a manually instantiated DaoAuthenticationProvider. If the current configuration is intentional, to turn off this warning, increase the logging level of 'org.springframework.security.config.annotation.authentication.configuration.InitializeUserDetailsBeanManagerConfigurer' to ERROR
2025-08-31 22:05:10 [restartedMain] WARN  o.s.b.a.o.j.JpaBaseConfiguration$JpaWebConfiguration - spring.jpa.open-in-view is enabled by default. Therefore, database queries may be performed during view rendering. Explicitly configure spring.jpa.open-in-view to disable this warning
2025-08-31 22:05:11 [restartedMain] INFO  o.s.b.a.h.H2ConsoleAutoConfiguration - H2 console available at '/h2-console'. Database available at 'jdbc:mysql://localhost:3306/virtualdragon'
2025-08-31 22:05:11 [restartedMain] INFO  o.s.b.d.a.OptionalLiveReloadServer - LiveReload server is running on port 35729
2025-08-31 22:05:11 [restartedMain] INFO  o.s.b.w.e.tomcat.TomcatWebServer - Tomcat started on port 8080 (http) with context path '/'
2025-08-31 22:05:11 [restartedMain] INFO  c.t.v.VirtualPetApiApplication - Started VirtualPetApiApplication in 8.739 seconds (process running for 15.287)
2025-08-31 22:05:11 [restartedMain] INFO  c.t.v.config.AdminInitializer - ℹ️ Admin already exists
2025-08-31 22:05:41 [http-nio-8080-exec-2] INFO  o.a.c.c.C.[Tomcat].[localhost].[/] - Initializing Spring DispatcherServlet 'dispatcherServlet'
2025-08-31 22:05:41 [http-nio-8080-exec-2] ERROR c.t.v.s.JwtAuthenticationEntryPoint - Unauthorized error: Full authentication is required to access this resource
2025-08-31 22:05:41 [http-nio-8080-exec-1] ERROR c.t.v.s.JwtAuthenticationEntryPoint - Unauthorized error: Full authentication is required to access this resource
2025-08-31 22:06:39 [http-nio-8080-exec-5] INFO  c.t.v.controller.AuthController - Login request for user: admin
2025-08-31 22:06:39 [http-nio-8080-exec-5] INFO  c.t.v.service.user.AuthService - Login try for user: admin
2025-08-31 22:06:40 [http-nio-8080-exec-5] INFO  c.t.v.service.user.AuthService - Login successful for user: admin
2025-08-31 22:06:40 [http-nio-8080-exec-5] INFO  c.t.v.controller.AuthController - Login successful for user: admin
2025-08-31 22:18:46 [http-nio-8080-exec-6] INFO  c.t.v.controller.AuthController - Login request for user: admin
2025-08-31 22:18:46 [http-nio-8080-exec-6] INFO  c.t.v.service.user.AuthService - Login try for user: admin
2025-08-31 22:18:46 [http-nio-8080-exec-6] INFO  c.t.v.service.user.AuthService - Login successful for user: admin
2025-08-31 22:18:46 [http-nio-8080-exec-6] INFO  c.t.v.controller.AuthController - Login successful for user: admin
